-------------------------------------------------------------------------------
Test set: schedule.example.demo.DemoApplicationTests
-------------------------------------------------------------------------------
Tests run: 1, Failures: 0, Errors: 1, Skipped: 0, Time elapsed: 2.545 s <<< FAILURE! - in schedule.example.demo.DemoApplicationTests
contextLoads  Time elapsed: 0.002 s  <<< ERROR!
java.lang.IllegalStateException: Failed to load ApplicationContext
Caused by: org.springframework.beans.factory.UnsatisfiedDependencyException: Error creating bean with name 'entityManagerFactory' defined in class path resource [org/springframework/boot/autoconfigure/orm/jpa/HibernateJpaConfiguration.class]: Unsatisfied dependency expressed through method 'entityManagerFactory' parameter 0; nested exception is org.springframework.beans.factory.BeanCreationException: Error creating bean with name 'entityManagerFactoryBuilder' defined in class path resource [org/springframework/boot/autoconfigure/orm/jpa/HibernateJpaConfiguration.class]: Bean instantiation via factory method failed; nested exception is org.springframework.beans.BeanInstantiationException: Failed to instantiate [org.springframework.boot.orm.jpa.EntityManagerFactoryBuilder]: Factory method 'entityManagerFactoryBuilder' threw exception; nested exception is org.springframework.beans.factory.UnsatisfiedDependencyException: Error creating bean with name 'entityManagerFactoryBootstrapExecutorCustomizer' defined in class path resource [org/springframework/boot/autoconfigure/data/jpa/JpaRepositoriesAutoConfiguration.class]: Unsatisfied dependency expressed through method 'entityManagerFactoryBootstrapExecutorCustomizer' parameter 0; nested exception is org.springframework.beans.factory.UnsatisfiedDependencyException: Error creating bean with name 'applicationTaskExecutor' defined in class path resource [org/springframework/boot/autoconfigure/task/TaskExecutionAutoConfiguration.class]: Unsatisfied dependency expressed through method 'applicationTaskExecutor' parameter 0; nested exception is org.springframework.beans.factory.UnsatisfiedDependencyException: Error creating bean with name 'taskExecutorBuilder' defined in class path resource [org/springframework/boot/autoconfigure/task/TaskExecutionAutoConfiguration.class]: Unsatisfied dependency expressed through method 'taskExecutorBuilder' parameter 0; nested exception is org.springframework.boot.context.properties.ConfigurationPropertiesBindException: Error creating bean with name 'spring.task.execution-org.springframework.boot.autoconfigure.task.TaskExecutionProperties': Could not bind properties to 'TaskExecutionProperties' : prefix=spring.task.execution, ignoreInvalidFields=false, ignoreUnknownFields=true; nested exception is org.springframework.boot.context.properties.bind.BindException: Failed to bind properties under 'spring.task.execution.pool.queue-capacity' to int
Caused by: org.springframework.beans.factory.BeanCreationException: Error creating bean with name 'entityManagerFactoryBuilder' defined in class path resource [org/springframework/boot/autoconfigure/orm/jpa/HibernateJpaConfiguration.class]: Bean instantiation via factory method failed; nested exception is org.springframework.beans.BeanInstantiationException: Failed to instantiate [org.springframework.boot.orm.jpa.EntityManagerFactoryBuilder]: Factory method 'entityManagerFactoryBuilder' threw exception; nested exception is org.springframework.beans.factory.UnsatisfiedDependencyException: Error creating bean with name 'entityManagerFactoryBootstrapExecutorCustomizer' defined in class path resource [org/springframework/boot/autoconfigure/data/jpa/JpaRepositoriesAutoConfiguration.class]: Unsatisfied dependency expressed through method 'entityManagerFactoryBootstrapExecutorCustomizer' parameter 0; nested exception is org.springframework.beans.factory.UnsatisfiedDependencyException: Error creating bean with name 'applicationTaskExecutor' defined in class path resource [org/springframework/boot/autoconfigure/task/TaskExecutionAutoConfiguration.class]: Unsatisfied dependency expressed through method 'applicationTaskExecutor' parameter 0; nested exception is org.springframework.beans.factory.UnsatisfiedDependencyException: Error creating bean with name 'taskExecutorBuilder' defined in class path resource [org/springframework/boot/autoconfigure/task/TaskExecutionAutoConfiguration.class]: Unsatisfied dependency expressed through method 'taskExecutorBuilder' parameter 0; nested exception is org.springframework.boot.context.properties.ConfigurationPropertiesBindException: Error creating bean with name 'spring.task.execution-org.springframework.boot.autoconfigure.task.TaskExecutionProperties': Could not bind properties to 'TaskExecutionProperties' : prefix=spring.task.execution, ignoreInvalidFields=false, ignoreUnknownFields=true; nested exception is org.springframework.boot.context.properties.bind.BindException: Failed to bind properties under 'spring.task.execution.pool.queue-capacity' to int
Caused by: org.springframework.beans.BeanInstantiationException: Failed to instantiate [org.springframework.boot.orm.jpa.EntityManagerFactoryBuilder]: Factory method 'entityManagerFactoryBuilder' threw exception; nested exception is org.springframework.beans.factory.UnsatisfiedDependencyException: Error creating bean with name 'entityManagerFactoryBootstrapExecutorCustomizer' defined in class path resource [org/springframework/boot/autoconfigure/data/jpa/JpaRepositoriesAutoConfiguration.class]: Unsatisfied dependency expressed through method 'entityManagerFactoryBootstrapExecutorCustomizer' parameter 0; nested exception is org.springframework.beans.factory.UnsatisfiedDependencyException: Error creating bean with name 'applicationTaskExecutor' defined in class path resource [org/springframework/boot/autoconfigure/task/TaskExecutionAutoConfiguration.class]: Unsatisfied dependency expressed through method 'applicationTaskExecutor' parameter 0; nested exception is org.springframework.beans.factory.UnsatisfiedDependencyException: Error creating bean with name 'taskExecutorBuilder' defined in class path resource [org/springframework/boot/autoconfigure/task/TaskExecutionAutoConfiguration.class]: Unsatisfied dependency expressed through method 'taskExecutorBuilder' parameter 0; nested exception is org.springframework.boot.context.properties.ConfigurationPropertiesBindException: Error creating bean with name 'spring.task.execution-org.springframework.boot.autoconfigure.task.TaskExecutionProperties': Could not bind properties to 'TaskExecutionProperties' : prefix=spring.task.execution, ignoreInvalidFields=false, ignoreUnknownFields=true; nested exception is org.springframework.boot.context.properties.bind.BindException: Failed to bind properties under 'spring.task.execution.pool.queue-capacity' to int
Caused by: org.springframework.beans.factory.UnsatisfiedDependencyException: Error creating bean with name 'entityManagerFactoryBootstrapExecutorCustomizer' defined in class path resource [org/springframework/boot/autoconfigure/data/jpa/JpaRepositoriesAutoConfiguration.class]: Unsatisfied dependency expressed through method 'entityManagerFactoryBootstrapExecutorCustomizer' parameter 0; nested exception is org.springframework.beans.factory.UnsatisfiedDependencyException: Error creating bean with name 'applicationTaskExecutor' defined in class path resource [org/springframework/boot/autoconfigure/task/TaskExecutionAutoConfiguration.class]: Unsatisfied dependency expressed through method 'applicationTaskExecutor' parameter 0; nested exception is org.springframework.beans.factory.UnsatisfiedDependencyException: Error creating bean with name 'taskExecutorBuilder' defined in class path resource [org/springframework/boot/autoconfigure/task/TaskExecutionAutoConfiguration.class]: Unsatisfied dependency expressed through method 'taskExecutorBuilder' parameter 0; nested exception is org.springframework.boot.context.properties.ConfigurationPropertiesBindException: Error creating bean with name 'spring.task.execution-org.springframework.boot.autoconfigure.task.TaskExecutionProperties': Could not bind properties to 'TaskExecutionProperties' : prefix=spring.task.execution, ignoreInvalidFields=false, ignoreUnknownFields=true; nested exception is org.springframework.boot.context.properties.bind.BindException: Failed to bind properties under 'spring.task.execution.pool.queue-capacity' to int
Caused by: org.springframework.beans.factory.UnsatisfiedDependencyException: Error creating bean with name 'applicationTaskExecutor' defined in class path resource [org/springframework/boot/autoconfigure/task/TaskExecutionAutoConfiguration.class]: Unsatisfied dependency expressed through method 'applicationTaskExecutor' parameter 0; nested exception is org.springframework.beans.factory.UnsatisfiedDependencyException: Error creating bean with name 'taskExecutorBuilder' defined in class path resource [org/springframework/boot/autoconfigure/task/TaskExecutionAutoConfiguration.class]: Unsatisfied dependency expressed through method 'taskExecutorBuilder' parameter 0; nested exception is org.springframework.boot.context.properties.ConfigurationPropertiesBindException: Error creating bean with name 'spring.task.execution-org.springframework.boot.autoconfigure.task.TaskExecutionProperties': Could not bind properties to 'TaskExecutionProperties' : prefix=spring.task.execution, ignoreInvalidFields=false, ignoreUnknownFields=true; nested exception is org.springframework.boot.context.properties.bind.BindException: Failed to bind properties under 'spring.task.execution.pool.queue-capacity' to int
Caused by: org.springframework.beans.factory.UnsatisfiedDependencyException: Error creating bean with name 'taskExecutorBuilder' defined in class path resource [org/springframework/boot/autoconfigure/task/TaskExecutionAutoConfiguration.class]: Unsatisfied dependency expressed through method 'taskExecutorBuilder' parameter 0; nested exception is org.springframework.boot.context.properties.ConfigurationPropertiesBindException: Error creating bean with name 'spring.task.execution-org.springframework.boot.autoconfigure.task.TaskExecutionProperties': Could not bind properties to 'TaskExecutionProperties' : prefix=spring.task.execution, ignoreInvalidFields=false, ignoreUnknownFields=true; nested exception is org.springframework.boot.context.properties.bind.BindException: Failed to bind properties under 'spring.task.execution.pool.queue-capacity' to int
Caused by: org.springframework.boot.context.properties.ConfigurationPropertiesBindException: Error creating bean with name 'spring.task.execution-org.springframework.boot.autoconfigure.task.TaskExecutionProperties': Could not bind properties to 'TaskExecutionProperties' : prefix=spring.task.execution, ignoreInvalidFields=false, ignoreUnknownFields=true; nested exception is org.springframework.boot.context.properties.bind.BindException: Failed to bind properties under 'spring.task.execution.pool.queue-capacity' to int
Caused by: org.springframework.boot.context.properties.bind.BindException: Failed to bind properties under 'spring.task.execution.pool.queue-capacity' to int
Caused by: org.springframework.core.convert.ConversionFailedException: Failed to convert from type [java.lang.String] to type [int] for value 'null'; nested exception is java.lang.IllegalArgumentException: A null value cannot be assigned to a primitive type
Caused by: java.lang.IllegalArgumentException: A null value cannot be assigned to a primitive type

